2022/03/02 16:11:23 {"callers":["D:/Golang/OpenSourceProj/PassageTwo/main.go: 21 main.init.0"],"level":"LevelInfo","message":"liangxiaocode: go-programming-tour-book blog_service","time":1646208683094774200}
2022/03/05 11:18:06 {"callers":["D:/Golang/OpenSourceProj/PassageTwo/main.go: 21 main.init.0"],"level":"LevelInfo","message":"liangxiaocode: go-programming-tour-book blog_service","time":1646450286123445400}
2022/03/05 11:18:59 {"callers":["D:/Golang/OpenSourceProj/PassageTwo/main.go: 21 main.init.0"],"level":"LevelInfo","message":"liangxiaocode: go-programming-tour-book blog_service","time":1646450339609014900}
2022/03/05 11:19:16 {"callers":["D:/Golang/OpenSourceProj/PassageTwo/main.go: 21 main.init.0"],"level":"LevelInfo","message":"liangxiaocode: go-programming-tour-book blog_service","time":1646450356415554000}
2022/03/08 10:34:51 {"callers":["D:/Golang/OpenSourceProj/PassageTwo/main.go: 24 main.init.0"],"level":"LevelError","message":"app.BindAndValid errs:State必须是[0 1]中的一个","time":1646706891461631200}
2022/03/08 10:38:56 {"callers":["D:/Golang/OpenSourceProj/PassageTwo/main.go: 24 main.init.0"],"level":"LevelError","message":"app.BindAndValid errs:State必须是[0 1]中的一个","time":1646707136951733300}
2022/03/08 14:43:32 {"callers":["D:/Golang/OpenSourceProj/PassageTwo/main.go: 24 main.init.0"],"level":"LevelError","message":"app.BindAndValid errs:State必须是[0 1]中的一个","time":1646721812481875900}
2022/03/14 21:27:23 {"callers":["D:/Golang/OpenSourceProj/PassageTwo/main.go: 24 main.init.0"],"level":"LevelError","message":"app.BindAndValid errs:CreatedBy为必填字段,Name为必填字段","time":1647264443670422000}
2022/03/14 21:28:10 {"callers":["D:/Golang/OpenSourceProj/PassageTwo/main.go: 24 main.init.0"],"level":"LevelError","message":"app.BindAndValid errs:Name为必填字段,CreatedBy为必填字段","time":1647264490238418200}
2022/03/14 21:32:17 {"callers":["D:/Golang/OpenSourceProj/PassageTwo/main.go: 24 main.init.0"],"level":"LevelError","message":"app.BindAndValid errs:Name为必填字段,CreatedBy为必填字段","time":1647264737375203800}
2022/03/14 21:34:54 {"callers":["D:/Golang/OpenSourceProj/PassageTwo/main.go: 24 main.init.0"],"level":"LevelError","message":"app.BindAndValid errs:Name长度必须至少为3个字符","time":1647264894012359800}
2022/03/14 21:35:16 {"callers":["D:/Golang/OpenSourceProj/PassageTwo/main.go: 24 main.init.0"],"level":"LevelError","message":"svc.CreateTag err:Error 1054: Unknown column 'created_by' in 'field list'","time":1647264916592398500}
2022/03/14 21:36:18 {"callers":["D:/Golang/OpenSourceProj/PassageTwo/main.go: 24 main.init.0"],"level":"LevelError","message":"svc.CreateTag err:Error 1054: Unknown column 'created_by' in 'field list'","time":1647264978175421600}
2022/03/15 09:55:22 {"callers":["D:/Golang/OpenSourceProj/PassageTwo/main.go: 24 main.init.0"],"level":"LevelError","message":"svc.GetTagList err:Error 1146: Table 'blog_service.blog_tag' doesn't exist","time":1647309322243966200}
2022/03/15 10:02:27 {"callers":["D:/Golang/OpenSourceProj/PassageTwo/main.go: 24 main.init.0"],"level":"LevelError","message":"svc.GetTagList err:Error 1064: You have an error in your SQL syntax; check the manual that corresponds to your MySQL server version for the right syntax to use near ') AND (is_del = ?) LIMIT 2 OFFSET 0' at line 1","time":1647309747970087300}
2022/03/15 10:31:03 {"callers":["D:/Golang/OpenSourceProj/PassageTwo/main.go: 24 main.init.0"],"level":"LevelError","message":"app.BindAndValid errs:CreatedBy长度必须至少为3个字符,State为必填字段,ModifiedBy为必填字段,ID为必填字段,Name为必填字段","time":1647311463907235000}
2022/03/15 10:31:38 {"callers":["D:/Golang/OpenSourceProj/PassageTwo/main.go: 24 main.init.0"],"level":"LevelError","message":"app.BindAndValid errs:Name为必填字段,CreatedBy长度必须至少为3个字符,State为必填字段,ID为必填字段","time":1647311498507387000}
2022/03/15 10:35:22 {"callers":["D:/Golang/OpenSourceProj/PassageTwo/main.go: 24 main.init.0"],"level":"LevelError","message":"app.BindAndValid errs:ID为必填字段","time":1647311722262201400}
2022/03/15 10:38:12 {"callers":["D:/Golang/OpenSourceProj/PassageTwo/main.go: 24 main.init.0"],"level":"LevelError","message":"app.BindAndValid errs:ID为必填字段","time":1647311892015299600}
2022/03/15 10:40:43 {"callers":["D:/Golang/OpenSourceProj/PassageTwo/main.go: 24 main.init.0"],"level":"LevelError","message":"app.BindAndValid errs:CreatedBy长度必须至少为3个字符,State为必填字段,Name为必填字段","time":1647312043290871900}
2022/03/15 10:55:15 {"callers":["D:/Golang/OpenSourceProj/PassageTwo/main.go: 24 main.init.0"],"level":"LevelError","message":"app.BindAndValid errs:State为必填字段,Name为必填字段","time":1647312915636539300}
2022/03/15 10:57:09 {"callers":["D:/Golang/OpenSourceProj/PassageTwo/main.go: 24 main.init.0"],"level":"LevelError","message":"app.BindAndValid errs:ID为必填字段","time":1647313029526618800}
2022/03/15 10:58:06 {"callers":["D:/Golang/OpenSourceProj/PassageTwo/main.go: 24 main.init.0"],"level":"LevelError","message":"app.BindAndValid errs:ID为必填字段","time":1647313086856765100}
2022/03/15 11:00:58 {"callers":["D:/Golang/OpenSourceProj/PassageTwo/main.go: 24 main.init.0"],"level":"LevelError","message":"app.BindAndValid errs:ID为必填字段","time":1647313258759406400}
2022/03/15 11:11:20 {"callers":["D:/Golang/OpenSourceProj/PassageTwo/main.go: 24 main.init.0"],"level":"LevelError","message":"app.BindAndValid errs:ID为必填字段","time":1647313880076655800}
2022/03/15 11:14:57 {"callers":["D:/Golang/OpenSourceProj/PassageTwo/main.go: 24 main.init.0"],"level":"LevelError","message":"app.BindAndValid errs:ID为必填字段","time":1647314097747361700}
2022/03/15 11:15:52 {"callers":["D:/Golang/OpenSourceProj/PassageTwo/main.go: 24 main.init.0"],"level":"LevelError","message":"app.BindAndValid errs:State为必填字段,ModifiedBy长度必须至少为3个字符,ID为必填字段,Name为必填字段","time":1647314152172503200}
2022/03/15 11:18:51 {"callers":["D:/Golang/OpenSourceProj/PassageTwo/main.go: 24 main.init.0"],"level":"LevelError","message":"app.BindAndValid errs:ID为必填字段,Name为必填字段,State为必填字段,ModifiedBy长度必须至少为3个字符","time":1647314331610841400}
2022/03/15 11:19:08 {"callers":["D:/Golang/OpenSourceProj/PassageTwo/main.go: 24 main.init.0"],"level":"LevelError","message":"app.BindAndValid errs:State为必填字段,ID为必填字段,Name为必填字段","time":1647314348146817300}
2022/03/15 11:20:14 {"callers":["D:/Golang/OpenSourceProj/PassageTwo/main.go: 24 main.init.0"],"level":"LevelError","message":"app.BindAndValid errs:ID为必填字段,Name为必填字段","time":1647314414795710800}
2022/03/15 11:20:57 {"callers":["D:/Golang/OpenSourceProj/PassageTwo/main.go: 24 main.init.0"],"level":"LevelError","message":"app.BindAndValid errs:ID为必填字段,Name为必填字段","time":1647314457676185100}
2022/03/15 11:21:12 {"callers":["D:/Golang/OpenSourceProj/PassageTwo/main.go: 24 main.init.0"],"level":"LevelError","message":"app.BindAndValid errs:ID为必填字段","time":1647314472939342200}
2022/03/15 11:24:55 {"callers":["D:/Golang/OpenSourceProj/PassageTwo/main.go: 24 main.init.0"],"level":"LevelError","message":"app.BindAndValid errs:ID为必填字段","time":1647314695312430600}
2022/03/15 18:36:38 {"callers":["D:/Golang/OpenSourceProj/PassageTwo/main.go: 24 main.init.0"],"level":"LevelError","message":"svc UpdateTag err:sql: expected 6 arguments, got 5","time":1647340598189786300}
2022/03/16 11:38:28 {"callers":["D:/Golang/OpenSourceProj/PassageTwo/main.go: 24 main.init.0"],"level":"LevelError","message":"svc.GetArticle err: record not found","time":1647401908447733800}
2022/03/16 19:57:41 {"callers":["D:/Golang/OpenSourceProj/PassageTwo/main.go: 24 main.init.0"],"level":"LevelError","message":"app.BindAndValid errs: Desc为必填字段,Content为必填字段,CoverImageUrl为必填字段,CreatedBy为必填字段,TagID为必填字段,Title为必填字段","time":1647431861163190700}
2022/03/16 20:14:36 {"callers":["D:/Golang/OpenSourceProj/PassageTwo/main.go: 24 main.init.0"],"level":"LevelError","message":"svc.CreateArticle err:Error 1054: Unknown column 'content' in 'field list'","time":1647432876508046800}
2022/03/16 20:17:35 {"callers":["D:/Golang/OpenSourceProj/PassageTwo/main.go: 24 main.init.0"],"level":"LevelError","message":"svc.CreateArticle err:Error 1054: Unknown column 'content' in 'field list'","time":1647433055250906300}
2022/03/16 20:23:52 {"callers":["D:/Golang/OpenSourceProj/PassageTwo/main.go: 24 main.init.0"],"level":"LevelError","message":"app.BindAndValid err: ID为必填字段","time":1647433432151957000}
2022/03/16 20:26:44 {"callers":["D:/Golang/OpenSourceProj/PassageTwo/main.go: 24 main.init.0"],"level":"LevelError","message":"svc.GetArticle err: record not found","time":1647433604844695700}
2022/03/16 20:29:16 {"callers":["D:/Golang/OpenSourceProj/PassageTwo/main.go: 24 main.init.0"],"level":"LevelError","message":"app.BindAndValid errs: TagID为必填字段","time":1647433756861860300}
2022/03/16 20:31:04 {"callers":["D:/Golang/OpenSourceProj/PassageTwo/main.go: 24 main.init.0"],"level":"LevelError","message":"app.BindAndValid errs: TagID必须大于或等于1","time":1647433864254692200}
2022/03/16 20:31:23 {"callers":["D:/Golang/OpenSourceProj/PassageTwo/main.go: 24 main.init.0"],"level":"LevelError","message":"app.BindAndValid errs: TagID必须大于或等于1","time":1647433883578133600}
2022/03/16 20:31:52 {"callers":["D:/Golang/OpenSourceProj/PassageTwo/main.go: 24 main.init.0"],"level":"LevelError","message":"app.BindAndValid errs: TagID必须大于或等于1","time":1647433912711210600}
2022/03/16 20:32:58 {"callers":["D:/Golang/OpenSourceProj/PassageTwo/main.go: 24 main.init.0"],"level":"LevelError","message":"app.BindAndValid errs: TagID必须大于或等于1","time":1647433978065044700}
2022/03/16 20:34:19 {"callers":["D:/Golang/OpenSourceProj/PassageTwo/main.go: 24 main.init.0"],"level":"LevelError","message":"app.BindAndValid errs: TagID必须大于或等于1","time":1647434059483010700}
2022/03/16 20:36:59 {"callers":["D:/Golang/OpenSourceProj/PassageTwo/main.go: 24 main.init.0"],"level":"LevelError","message":"app.BindAndValid errs: TagID必须大于或等于1","time":1647434219626957200}
2022/03/16 20:37:17 {"callers":["D:/Golang/OpenSourceProj/PassageTwo/main.go: 24 main.init.0"],"level":"LevelError","message":"svc.GetArticle err: record not found","time":1647434237212899100}
2022/03/16 20:39:47 {"callers":["D:/Golang/OpenSourceProj/PassageTwo/main.go: 24 main.init.0"],"level":"LevelError","message":"svc.GetArticleList err:sql: Scan error on column index 5, name \"tag_id\": converting NULL to uint32 is unsupported","time":1647434387296203700}
2022/03/16 20:42:48 {"callers":["D:/Golang/OpenSourceProj/PassageTwo/main.go: 24 main.init.0"],"level":"LevelError","message":"app.BindAndValid errs: TagID为必填字段,Title长度必须至少为2个字符,Content长度必须至少为2个字符,CoverImageUrl必须是一个有效的URL,ModifiedBy为必填字段,ID为必填字段","time":1647434568106957100}
2022/03/16 20:44:11 {"callers":["D:/Golang/OpenSourceProj/PassageTwo/main.go: 24 main.init.0"],"level":"LevelError","message":"app.BindAndValid errs: Content长度必须至少为2个字符,CoverImageUrl必须是一个有效的URL,ID为必填字段,Title长度必须至少为2个字符","time":1647434651604902000}
2022/03/16 20:45:23 {"callers":["D:/Golang/OpenSourceProj/PassageTwo/main.go: 24 main.init.0"],"level":"LevelError","message":"app.BindAndValid errs: Title长度必须至少为2个字符,Content长度必须至少为2个字符,CoverImageUrl必须是一个有效的URL","time":1647434723825250800}
2022/03/16 20:46:10 {"callers":["D:/Golang/OpenSourceProj/PassageTwo/main.go: 24 main.init.0"],"level":"LevelError","message":"app.BindAndValid errs: Title长度必须至少为2个字符,Content长度必须至少为2个字符,CoverImageUrl必须是一个有效的URL","time":1647434770216176700}
2022/03/16 20:48:28 {"callers":["D:/Golang/OpenSourceProj/PassageTwo/main.go: 24 main.init.0"],"level":"LevelError","message":"svc.GetArticleList err:sql: Scan error on column index 5, name \"tag_id\": converting NULL to uint32 is unsupported","time":1647434908979967700}
2022/03/16 20:53:39 {"callers":["D:/Golang/OpenSourceProj/PassageTwo/main.go: 24 main.init.0"],"level":"LevelError","message":"svc.GetArticleList err:sql: Scan error on column index 5, name \"tag_id\": converting NULL to uint32 is unsupported","time":1647435219038069200}
2022/03/16 20:56:58 {"callers":["D:/Golang/OpenSourceProj/PassageTwo/main.go: 24 main.init.0"],"level":"LevelError","message":"app.BindAndValid errs: ID为必填字段","time":1647435418487093700}
2022/03/18 17:27:26 {"callers":["D:/Golang/OpenSourceProj/PassageTwo/main.go: 24 main.init.0"],"level":"LevelError","message":"app.BindAndValid errs: TagID必须大于或等于1","time":1647595646961826900}
2022/03/18 17:28:22 {"callers":["D:/Golang/OpenSourceProj/PassageTwo/main.go: 24 main.init.0"],"level":"LevelError","message":"app.BindAndValid errs: TagID必须大于或等于1","time":1647595702763927300}
